<?xml version="1.0" encoding="UTF-8"?>
<!-- Generated by org.testng.reporters.JUnitReportReporter -->
<testsuite skipped="0" hostname="SYS" name="IKEAProject.SingaporePageTest" tests="1" failures="0" timestamp="22 Jan 2018 18:14:11 GMT" time="53.199" errors="0">
  <testcase name="validateCountry" time="53.199" classname="IKEAProject.SingaporePageTest"/>
</testsuite> <!-- IKEAProject.SingaporePageTest -->
