<?xml version="1.0" encoding="UTF-8"?>
<!-- Generated by org.testng.reporters.JUnitReportReporter -->
<testsuite skipped="0" hostname="SYS" name="IKEAProject.HomePageTest" tests="1" failures="0" timestamp="22 Jan 2018 19:08:01 GMT" time="0.647" errors="0">
  <testcase name="homePageNavigationTest" time="0.647" classname="IKEAProject.HomePageTest"/>
</testsuite> <!-- IKEAProject.HomePageTest -->
