<?xml version="1.0" encoding="UTF-8"?>
<!-- Generated by org.testng.reporters.JUnitReportReporter -->
<testsuite skipped="0" hostname="SYS" name="IKEAProject.CheckoutPageTest" tests="1" failures="0" timestamp="22 Jan 2018 18:14:11 GMT" time="118.813" errors="0">
  <testcase name="validateCotWithDrawersPage" time="118.813" classname="IKEAProject.CheckoutPageTest"/>
</testsuite> <!-- IKEAProject.CheckoutPageTest -->
