<?xml version="1.0" encoding="UTF-8"?>
<!-- Generated by org.testng.reporters.JUnitReportReporter -->
<testsuite hostname="SYS" name="IKEAProject.HomePageIKEA" tests="1" failures="0" timestamp="6 Dec 2017 16:31:27 GMT" time="43.598" errors="0">
  <testcase name="homePageNavigation" time="43.598" classname="IKEAProject.HomePageIKEA"/>
</testsuite> <!-- IKEAProject.HomePageIKEA -->
