<?xml version="1.0" encoding="UTF-8"?>
<!-- Generated by org.testng.reporters.JUnitReportReporter -->
<testsuite skipped="0" hostname="SYS" name="IKEAProject.CotsPageTest" tests="1" failures="0" timestamp="23 Jan 2018 04:55:24 GMT" time="73.145" errors="0">
  <testcase name="validateCotsPage" time="73.145" classname="IKEAProject.CotsPageTest"/>
</testsuite> <!-- IKEAProject.CotsPageTest -->
