<?xml version="1.0" encoding="UTF-8"?>
<!-- Generated by org.testng.reporters.JUnitReportReporter -->
<testsuite skipped="0" hostname="SYS" name="IKEAProject.HomePageTest" tests="1" failures="0" timestamp="27 Jan 2018 07:41:19 GMT" time="1.793" errors="0">
  <testcase name="homePageNavigationTest" time="1.793" classname="IKEAProject.HomePageTest"/>
</testsuite> <!-- IKEAProject.HomePageTest -->
