<?xml version="1.0" encoding="UTF-8"?>
<!-- Generated by org.testng.reporters.JUnitReportReporter -->
<testsuite skipped="0" hostname="SYS" name="IKEAProject.SingaporePageTest" tests="1" failures="0" timestamp="23 Jan 2018 05:11:38 GMT" time="50.888" errors="0">
  <testcase name="validateCountry" time="50.888" classname="IKEAProject.SingaporePageTest"/>
</testsuite> <!-- IKEAProject.SingaporePageTest -->
