<?xml version="1.0" encoding="UTF-8"?>
<!-- Generated by org.testng.reporters.JUnitReportReporter -->
<testsuite skipped="0" hostname="SYS" name="IKEAProject.CheckoutPageTest" tests="1" failures="0" timestamp="27 Jan 2018 07:41:19 GMT" time="157.165" errors="0">
  <testcase name="validateCotWithDrawersPage" time="157.165" classname="IKEAProject.CheckoutPageTest"/>
</testsuite> <!-- IKEAProject.CheckoutPageTest -->
