<?xml version="1.0" encoding="UTF-8"?>
<!-- Generated by org.testng.reporters.JUnitReportReporter -->
<testsuite skipped="0" hostname="SYS" name="IKEAProject.CotsPageTest" tests="1" failures="0" timestamp="27 Jan 2018 07:41:19 GMT" time="79.591" errors="0">
  <testcase name="validateCotsPage" time="79.591" classname="IKEAProject.CotsPageTest"/>
</testsuite> <!-- IKEAProject.CotsPageTest -->
