<?xml version="1.0" encoding="UTF-8"?>
<!-- Generated by org.testng.reporters.JUnitReportReporter -->
<testsuite skipped="0" hostname="SYS" name="IKEAProject.CotsPageTest" tests="1" failures="0" timestamp="23 Jan 2018 05:11:38 GMT" time="68.444" errors="0">
  <testcase name="validateCotsPage" time="68.444" classname="IKEAProject.CotsPageTest"/>
</testsuite> <!-- IKEAProject.CotsPageTest -->
