<?xml version="1.0" encoding="UTF-8"?>
<!-- Generated by org.testng.reporters.JUnitReportReporter -->
<testsuite skipped="0" hostname="SYS" name="IKEAProject.CotWithDrawersTest" tests="1" failures="0" timestamp="23 Jan 2018 05:11:38 GMT" time="108.214" errors="0">
  <testcase name="validateCotWithDrawersPage" time="108.214" classname="IKEAProject.CotWithDrawersTest"/>
</testsuite> <!-- IKEAProject.CotWithDrawersTest -->
