<?xml version="1.0" encoding="UTF-8"?>
<!-- Generated by org.testng.reporters.JUnitReportReporter -->
<testsuite skipped="0" hostname="SYS" name="IKEAProject.SingaporePageTest" tests="1" failures="0" timestamp="27 Jan 2018 07:41:19 GMT" time="60.044" errors="0">
  <testcase name="validateCountry" time="60.044" classname="IKEAProject.SingaporePageTest"/>
</testsuite> <!-- IKEAProject.SingaporePageTest -->
